c:\users\windo\onedrive\desktop\mds\mds\release\vc142.pdb
c:\users\windo\onedrive\desktop\mds\mds\release\render.obj
c:\users\windo\onedrive\desktop\mds\mds\release\menu.obj
c:\users\windo\onedrive\desktop\mds\mds\release\main.obj
c:\users\windo\desktop\mds\mds\release\vc142.pdb
c:\users\windo\desktop\mds\mds\release\render.obj
c:\users\windo\desktop\mds\mds\release\menu.obj
c:\users\windo\desktop\mds\mds\release\main.obj
c:\users\windo\onedrive\desktop\mds\release\mds.exe
c:\users\windo\onedrive\desktop\mds\release\mds.pdb
c:\users\windo\onedrive\desktop\mds\release\mds.ipdb
c:\users\windo\onedrive\desktop\mds\release\mds.iobj
c:\users\windo\desktop\mds\mds\release\vc140.pdb
c:\users\windo\desktop\mds\release\mds.pdb
c:\users\windo\desktop\mds\mds\release\mds.tlog\cl.command.1.tlog
c:\users\windo\desktop\mds\mds\release\mds.tlog\cl.read.1.tlog
c:\users\windo\desktop\mds\mds\release\mds.tlog\cl.write.1.tlog
c:\users\windo\desktop\mds\mds\release\mds.tlog\link.command.1.tlog
c:\users\windo\desktop\mds\mds\release\mds.tlog\link.delete.1.tlog
c:\users\windo\desktop\mds\mds\release\mds.tlog\link.read.1.tlog
c:\users\windo\desktop\mds\mds\release\mds.tlog\link.write.1.tlog
c:\users\windo\desktop\mds\mds\release\mds.tlog\mds.write.1u.tlog
