  Menu.cpp
C:\Users\windo\Desktop\MDS\MDS\Menu.cpp(99,42): warning C4244: 'argument': conversion from 'LONG' to 'float', possible loss of data
C:\Users\windo\Desktop\MDS\MDS\Menu.cpp(99,33): warning C4244: 'argument': conversion from 'LONG' to 'float', possible loss of data
C:\Users\windo\Desktop\MDS\MDS\Menu.cpp(123,19): warning C4244: 'initializing': conversion from 'long' to 'float', possible loss of data
C:\Users\windo\Desktop\MDS\MDS\Menu.cpp(124,19): warning C4244: 'initializing': conversion from 'long' to 'float', possible loss of data
C:\Users\windo\Desktop\MDS\MDS\Menu.cpp(138,31): warning C4244: '=': conversion from 'int' to 'FLOAT', possible loss of data
C:\Users\windo\Desktop\MDS\MDS\Menu.cpp(139,31): warning C4244: '=': conversion from 'int' to 'FLOAT', possible loss of data
C:\Users\windo\Desktop\MDS\MDS\Menu.cpp(201,34): warning C4244: '=': conversion from 'int' to 'FLOAT', possible loss of data
C:\Users\windo\Desktop\MDS\MDS\Menu.cpp(207,41): warning C4244: '=': conversion from 'int' to 'FLOAT', possible loss of data
C:\Users\windo\Desktop\MDS\MDS\Menu.cpp(273,39): warning C4244: 'argument': conversion from 'FLOAT' to 'int', possible loss of data
C:\Users\windo\Desktop\MDS\MDS\Menu.cpp(276,39): warning C4244: 'argument': conversion from 'FLOAT' to 'int', possible loss of data
C:\Users\windo\Desktop\MDS\MDS\Menu.cpp(279,39): warning C4244: 'argument': conversion from 'FLOAT' to 'int', possible loss of data
C:\Users\windo\Desktop\MDS\MDS\Menu.cpp(282,39): warning C4244: 'argument': conversion from 'FLOAT' to 'int', possible loss of data
C:\Users\windo\Desktop\MDS\MDS\Menu.cpp(285,39): warning C4244: 'argument': conversion from 'FLOAT' to 'int', possible loss of data
C:\Users\windo\Desktop\MDS\MDS\Menu.cpp(290,38): warning C4244: 'argument': conversion from 'FLOAT' to 'int', possible loss of data
C:\Users\windo\Desktop\MDS\MDS\Menu.cpp(304,41): warning C4244: 'argument': conversion from 'FLOAT' to 'int', possible loss of data
C:\Users\windo\Desktop\MDS\MDS\Menu.cpp(307,41): warning C4244: 'argument': conversion from 'FLOAT' to 'int', possible loss of data
C:\Users\windo\Desktop\MDS\MDS\Menu.cpp(310,40): warning C4244: 'argument': conversion from 'FLOAT' to 'int', possible loss of data
C:\Users\windo\Desktop\MDS\MDS\Menu.cpp(313,41): warning C4244: 'argument': conversion from 'FLOAT' to 'int', possible loss of data
C:\Users\windo\Desktop\MDS\MDS\Menu.cpp(316,40): warning C4244: 'argument': conversion from 'FLOAT' to 'int', possible loss of data
C:\Users\windo\Desktop\MDS\MDS\Menu.cpp(321,38): warning C4244: 'argument': conversion from 'FLOAT' to 'int', possible loss of data
  Generating code
  1 of 104 functions ( 1.0%) were compiled, the rest were copied from previous compilation.
    0 functions were new in current compilation
    1 functions had inline decision re-evaluated but remain unchanged
  Finished generating code
  MDS.vcxproj -> C:\Users\windo\Desktop\MDS\Release\MDS.exe
